  main.cpp
  ofApp.cpp
  Ball.cpp
  Player.cpp
d:\of_v0.11.0_vs2017_release\of_v0.11.0_vs2017_release\libs\openframeworks\math\ofvec3f.h : warning C4819: The file contains a character that cannot be represented in the current code page (936). Save the file in Unicode format to prevent data loss (compiling source file src\Ball.cpp)
d:\of_v0.11.0_vs2017_release\of_v0.11.0_vs2017_release\libs\openframeworks\math\ofvec2f.h : warning C4819: The file contains a character that cannot be represented in the current code page (936). Save the file in Unicode format to prevent data loss (compiling source file src\Ball.cpp)
d:\of_v0.11.0_vs2017_release\of_v0.11.0_vs2017_release\libs\openframeworks\math\ofvec3f.h : warning C4819: The file contains a character that cannot be represented in the current code page (936). Save the file in Unicode format to prevent data loss (compiling source file src\Player.cpp)
d:\of_v0.11.0_vs2017_release\of_v0.11.0_vs2017_release\libs\openframeworks\math\ofvec2f.h : warning C4819: The file contains a character that cannot be represented in the current code page (936). Save the file in Unicode format to prevent data loss (compiling source file src\Player.cpp)
d:\of_v0.11.0_vs2017_release\of_v0.11.0_vs2017_release\libs\openframeworks\math\ofvec3f.h : warning C4819: The file contains a character that cannot be represented in the current code page (936). Save the file in Unicode format to prevent data loss (compiling source file src\ofApp.cpp)
d:\of_v0.11.0_vs2017_release\of_v0.11.0_vs2017_release\libs\openframeworks\math\ofvec2f.h : warning C4819: The file contains a character that cannot be represented in the current code page (936). Save the file in Unicode format to prevent data loss (compiling source file src\ofApp.cpp)
d:\of_v0.11.0_vs2017_release\of_v0.11.0_vs2017_release\libs\openframeworks\math\ofvec3f.h : warning C4819: The file contains a character that cannot be represented in the current code page (936). Save the file in Unicode format to prevent data loss (compiling source file src\main.cpp)
d:\of_v0.11.0_vs2017_release\of_v0.11.0_vs2017_release\libs\openframeworks\math\ofvec2f.h : warning C4819: The file contains a character that cannot be represented in the current code page (936). Save the file in Unicode format to prevent data loss (compiling source file src\main.cpp)
d:\刘蔼宁大一上\media art 206\ainingliu_mediaart206_homework\al443_week01class02_prettyballs\src\ofapp.cpp(47): warning C4018: '<': signed/unsigned mismatch (compiling source file src\ofApp.cpp)
     Creating library bin\al443_week01class02_prettyBalls_debug.lib and object bin\al443_week01class02_prettyBalls_debug.exp
  al443_week01class02_prettyBalls.vcxproj -> D:\刘蔼宁大一上\Media Art 206\AiningLiu_MediaArt206_Homework\al443_week01class02_prettyBalls\bin\al443_week01class02_prettyBalls_debug.exe
  
  	                   2	D:\of_v0.11.0_vs2017_release\of_v0.11.0_vs2017_release\libs\fmodex\lib\vs\Win32\
  	    新文件    		 1266176	D:\of_v0.11.0_vs2017_release\of_v0.11.0_vs2017_release\libs\fmodex\lib\vs\Win32\fmodex.dll
  	    新文件    		 1312768	D:\of_v0.11.0_vs2017_release\of_v0.11.0_vs2017_release\libs\fmodex\lib\vs\Win32\fmodexL.dll
  
  	                   1	D:\of_v0.11.0_vs2017_release\of_v0.11.0_vs2017_release\libs\FreeImage\lib\vs\Win32\
  	  *多余文件   		 1266176	D:\刘蔼宁大一上\Media Art 206\AiningLiu_MediaArt206_Homework\al443_week01class02_prettyBalls\bin\fmodex.dll
  	  *多余文件   		 1312768	D:\刘蔼宁大一上\Media Art 206\AiningLiu_MediaArt206_Homework\al443_week01class02_prettyBalls\bin\fmodexL.dll
  	    新文件    		 6018560	D:\of_v0.11.0_vs2017_release\of_v0.11.0_vs2017_release\libs\FreeImage\lib\vs\Win32\FreeImage.dll
